<?xml version="1.0" encoding="UTF-8"?>
<testsuite xmlns:xsi="http://www.w3.org/2001/XMLSchema-instance" xsi:noNamespaceSchemaLocation="https://maven.apache.org/surefire/maven-surefire-plugin/xsd/surefire-test-report.xsd" version="3.0.2" name="com.jobmatrix.JmAuditLogging.JmAuditLoggingApplicationTests" time="2.819" tests="1" errors="0" skipped="0" failures="0">
  <properties>
[...]
</properties>
  <testcase name="contextLoads" classname="com.jobmatrix.JmAuditLogging.JmAuditLoggingApplicationTests" time="0.308">
    <system-out><![CDATA[22:28:50.149 [main] INFO org.springframework.test.context.support.AnnotationConfigContextLoaderUtils -- Could not detect default configuration classes for test class [com.jobmatrix.JmAuditLogging.JmAuditLoggingApplicationTests]: JmAuditLoggingApplicationTests does not declare any static, non-private, non-final, nested classes annotated with @Configuration.
22:28:50.206 [main] INFO org.springframework.boot.test.context.SpringBootTestContextBootstrapper -- Found @SpringBootConfiguration com.jobmatrix.JmAuditLogging.JmAuditLoggingApplication for test class com.jobmatrix.JmAuditLogging.JmAuditLoggingApplicationTests
22:28:50.274 [main] INFO org.springframework.boot.devtools.restart.RestartApplicationListener -- Restart disabled due to context in which it is running

  .   ____          _            __ _ _
 /\\ / ___'_ __ _ _(_)_ __  __ _ \ \ \ \
( ( )\___ | '_ | '_| | '_ \/ _` | \ \ \ \
 \\/  ___)| |_)| | | | | || (_| |  ) ) ) )
  '  |____| .__|_| |_|_| |_\__, | / / / /
 =========|_|==============|___/=/_/_/_/

 :: Spring Boot ::                (v3.5.3)

2025-07-23T22:28:50.408+05:30  INFO 16914 --- [JmAuditLogging] [           main] c.j.J.JmAuditLoggingApplicationTests     : Starting JmAuditLoggingApplicationTests using Java 21 with PID 16914 (started by jsa in /home/jsa/Desktop/jobmatrix/jm-audit-logging)
2025-07-23T22:28:50.409+05:30  INFO 16914 --- [JmAuditLogging] [           main] c.j.J.JmAuditLoggingApplicationTests     : The following 1 profile is active: "local"
2025-07-23T22:28:50.804+05:30  INFO 16914 --- [JmAuditLogging] [           main] .s.d.r.c.RepositoryConfigurationDelegate : Bootstrapping Spring Data JPA repositories in DEFAULT mode.
2025-07-23T22:28:50.829+05:30  INFO 16914 --- [JmAuditLogging] [           main] .s.d.r.c.RepositoryConfigurationDelegate : Finished Spring Data repository scanning in 20 ms. Found 1 JPA repository interface.
2025-07-23T22:28:51.078+05:30  INFO 16914 --- [JmAuditLogging] [           main] o.hibernate.jpa.internal.util.LogHelper  : HHH000204: Processing PersistenceUnitInfo [name: default]
2025-07-23T22:28:51.122+05:30  INFO 16914 --- [JmAuditLogging] [           main] org.hibernate.Version                    : HHH000412: Hibernate ORM core version 6.6.18.Final
2025-07-23T22:28:51.138+05:30  INFO 16914 --- [JmAuditLogging] [           main] o.h.c.internal.RegionFactoryInitiator    : HHH000026: Second-level cache disabled
2025-07-23T22:28:51.272+05:30  INFO 16914 --- [JmAuditLogging] [           main] o.s.o.j.p.SpringPersistenceUnitInfo      : No LoadTimeWeaver setup: ignoring JPA class transformer
2025-07-23T22:28:51.286+05:30  INFO 16914 --- [JmAuditLogging] [           main] com.zaxxer.hikari.HikariDataSource       : HikariPool-1 - Starting...
2025-07-23T22:28:51.382+05:30  INFO 16914 --- [JmAuditLogging] [           main] com.zaxxer.hikari.pool.HikariPool        : HikariPool-1 - Added connection org.postgresql.jdbc.PgConnection@350567f1
2025-07-23T22:28:51.382+05:30  INFO 16914 --- [JmAuditLogging] [           main] com.zaxxer.hikari.HikariDataSource       : HikariPool-1 - Start completed.
2025-07-23T22:28:51.402+05:30  WARN 16914 --- [JmAuditLogging] [           main] org.hibernate.orm.deprecation            : HHH90000025: PostgreSQLDialect does not need to be specified explicitly using 'hibernate.dialect' (remove the property setting and it will be selected by default)
2025-07-23T22:28:51.413+05:30  INFO 16914 --- [JmAuditLogging] [           main] org.hibernate.orm.connections.pooling    : HHH10001005: Database info:
	Database JDBC URL [Connecting through datasource 'HikariDataSource (HikariPool-1)']
	Database driver: undefined/unknown
	Database version: 15.13
	Autocommit mode: undefined/unknown
	Isolation level: undefined/unknown
	Minimum pool size: undefined/unknown
	Maximum pool size: undefined/unknown
2025-07-23T22:28:51.822+05:30  INFO 16914 --- [JmAuditLogging] [           main] o.h.e.t.j.p.i.JtaPlatformInitiator       : HHH000489: No JTA platform available (set 'hibernate.transaction.jta.platform' to enable JTA platform integration)
2025-07-23T22:28:51.860+05:30  INFO 16914 --- [JmAuditLogging] [           main] j.LocalContainerEntityManagerFactoryBean : Initialized JPA EntityManagerFactory for persistence unit 'default'
2025-07-23T22:28:52.115+05:30  WARN 16914 --- [JmAuditLogging] [           main] JpaBaseConfiguration$JpaWebConfiguration : spring.jpa.open-in-view is enabled by default. Therefore, database queries may be performed during view rendering. Explicitly configure spring.jpa.open-in-view to disable this warning
2025-07-23T22:28:52.446+05:30  INFO 16914 --- [JmAuditLogging] [           main] o.a.k.clients.consumer.ConsumerConfig    : ConsumerConfig values: 
	allow.auto.create.topics = true
	auto.commit.interval.ms = 5000
	auto.include.jmx.reporter = true
	auto.offset.reset = earliest
	bootstrap.servers = [localhost:9092]
	check.crcs = true
	client.dns.lookup = use_all_dns_ips
	client.id = audit-log-consumer-b293f331-a5bd-4372-8ad3-035822a13c2b-0
	client.rack = 
	connections.max.idle.ms = 540000
	default.api.timeout.ms = 60000
	enable.auto.commit = false
	enable.metrics.push = true
	exclude.internal.topics = true
	fetch.max.bytes = 52428800
	fetch.max.wait.ms = 500
	fetch.min.bytes = 1
	group.id = job-audit-topic
	group.instance.id = null
	group.protocol = classic
	group.remote.assignor = null
	heartbeat.interval.ms = 3000
	interceptor.classes = []
	internal.leave.group.on.close = true
	internal.throw.on.fetch.stable.offset.unsupported = false
	isolation.level = read_uncommitted
	key.deserializer = class org.apache.kafka.common.serialization.StringDeserializer
	max.partition.fetch.bytes = 1048576
	max.poll.interval.ms = 300000
	max.poll.records = 1
	metadata.max.age.ms = 300000
	metadata.recovery.strategy = none
	metric.reporters = []
	metrics.num.samples = 2
	metrics.recording.level = INFO
	metrics.sample.window.ms = 30000
	partition.assignment.strategy = [class org.apache.kafka.clients.consumer.RangeAssignor, class org.apache.kafka.clients.consumer.CooperativeStickyAssignor]
	receive.buffer.bytes = 65536
	reconnect.backoff.max.ms = 1000
	reconnect.backoff.ms = 50
	request.timeout.ms = 30000
	retry.backoff.max.ms = 1000
	retry.backoff.ms = 100
	sasl.client.callback.handler.class = null
	sasl.jaas.config = null
	sasl.kerberos.kinit.cmd = /usr/bin/kinit
	sasl.kerberos.min.time.before.relogin = 60000
	sasl.kerberos.service.name = null
	sasl.kerberos.ticket.renew.jitter = 0.05
	sasl.kerberos.ticket.renew.window.factor = 0.8
	sasl.login.callback.handler.class = null
	sasl.login.class = null
	sasl.login.connect.timeout.ms = null
	sasl.login.read.timeout.ms = null
	sasl.login.refresh.buffer.seconds = 300
	sasl.login.refresh.min.period.seconds = 60
	sasl.login.refresh.window.factor = 0.8
	sasl.login.refresh.window.jitter = 0.05
	sasl.login.retry.backoff.max.ms = 10000
	sasl.login.retry.backoff.ms = 100
	sasl.mechanism = GSSAPI
	sasl.oauthbearer.clock.skew.seconds = 30
	sasl.oauthbearer.expected.audience = null
	sasl.oauthbearer.expected.issuer = null
	sasl.oauthbearer.header.urlencode = false
	sasl.oauthbearer.jwks.endpoint.refresh.ms = 3600000
	sasl.oauthbearer.jwks.endpoint.retry.backoff.max.ms = 10000
	sasl.oauthbearer.jwks.endpoint.retry.backoff.ms = 100
	sasl.oauthbearer.jwks.endpoint.url = null
	sasl.oauthbearer.scope.claim.name = scope
	sasl.oauthbearer.sub.claim.name = sub
	sasl.oauthbearer.token.endpoint.url = null
	security.protocol = PLAINTEXT
	security.providers = null
	send.buffer.bytes = 131072
	session.timeout.ms = 45000
	socket.connection.setup.timeout.max.ms = 30000
	socket.connection.setup.timeout.ms = 10000
	ssl.cipher.suites = null
	ssl.enabled.protocols = [TLSv1.2, TLSv1.3]
	ssl.endpoint.identification.algorithm = https
	ssl.engine.factory.class = null
	ssl.key.password = null
	ssl.keymanager.algorithm = SunX509
	ssl.keystore.certificate.chain = null
	ssl.keystore.key = null
	ssl.keystore.location = null
	ssl.keystore.password = null
	ssl.keystore.type = JKS
	ssl.protocol = TLSv1.3
	ssl.provider = null
	ssl.secure.random.implementation = null
	ssl.trustmanager.algorithm = PKIX
	ssl.truststore.certificates = null
	ssl.truststore.location = null
	ssl.truststore.password = null
	ssl.truststore.type = JKS
	value.deserializer = class org.apache.kafka.common.serialization.StringDeserializer

2025-07-23T22:28:52.470+05:30  INFO 16914 --- [JmAuditLogging] [           main] o.a.k.c.t.i.KafkaMetricsCollector        : initializing Kafka metrics collector
2025-07-23T22:28:52.565+05:30  INFO 16914 --- [JmAuditLogging] [           main] o.a.kafka.common.utils.AppInfoParser     : Kafka version: 3.9.1
2025-07-23T22:28:52.565+05:30  INFO 16914 --- [JmAuditLogging] [           main] o.a.kafka.common.utils.AppInfoParser     : Kafka commitId: f745dfdcee2b9851
2025-07-23T22:28:52.565+05:30  INFO 16914 --- [JmAuditLogging] [           main] o.a.kafka.common.utils.AppInfoParser     : Kafka startTimeMs: 1753289932565
2025-07-23T22:28:52.567+05:30  INFO 16914 --- [JmAuditLogging] [           main] o.a.k.c.c.i.ClassicKafkaConsumer         : [Consumer clientId=audit-log-consumer-b293f331-a5bd-4372-8ad3-035822a13c2b-0, groupId=job-audit-topic] Subscribed to topic(s): audit-logging-topic
2025-07-23T22:28:52.578+05:30  INFO 16914 --- [JmAuditLogging] [           main] c.j.J.JmAuditLoggingApplicationTests     : Started JmAuditLoggingApplicationTests in 2.308 seconds (process running for 2.85)
2025-07-23T22:28:52.712+05:30  INFO 16914 --- [JmAuditLogging] [ntainer#0-0-C-1] org.apache.kafka.clients.NetworkClient   : [Consumer clientId=audit-log-consumer-b293f331-a5bd-4372-8ad3-035822a13c2b-0, groupId=job-audit-topic] Node -1 disconnected.
2025-07-23T22:28:52.713+05:30  WARN 16914 --- [JmAuditLogging] [ntainer#0-0-C-1] org.apache.kafka.clients.NetworkClient   : [Consumer clientId=audit-log-consumer-b293f331-a5bd-4372-8ad3-035822a13c2b-0, groupId=job-audit-topic] Connection to node -1 (localhost/127.0.0.1:9092) could not be established. Node may not be available.
2025-07-23T22:28:52.713+05:30  WARN 16914 --- [JmAuditLogging] [ntainer#0-0-C-1] org.apache.kafka.clients.NetworkClient   : [Consumer clientId=audit-log-consumer-b293f331-a5bd-4372-8ad3-035822a13c2b-0, groupId=job-audit-topic] Bootstrap broker localhost:9092 (id: -1 rack: null) disconnected
2025-07-23T22:28:52.830+05:30  INFO 16914 --- [JmAuditLogging] [ntainer#0-0-C-1] org.apache.kafka.clients.NetworkClient   : [Consumer clientId=audit-log-consumer-b293f331-a5bd-4372-8ad3-035822a13c2b-0, groupId=job-audit-topic] Node -1 disconnected.
2025-07-23T22:28:52.830+05:30  WARN 16914 --- [JmAuditLogging] [ntainer#0-0-C-1] org.apache.kafka.clients.NetworkClient   : [Consumer clientId=audit-log-consumer-b293f331-a5bd-4372-8ad3-035822a13c2b-0, groupId=job-audit-topic] Connection to node -1 (localhost/127.0.0.1:9092) could not be established. Node may not be available.
2025-07-23T22:28:52.830+05:30  WARN 16914 --- [JmAuditLogging] [ntainer#0-0-C-1] org.apache.kafka.clients.NetworkClient   : [Consumer clientId=audit-log-consumer-b293f331-a5bd-4372-8ad3-035822a13c2b-0, groupId=job-audit-topic] Bootstrap broker localhost:9092 (id: -1 rack: null) disconnected
]]></system-out>
    <system-err><![CDATA[Mockito is currently self-attaching to enable the inline-mock-maker. This will no longer work in future releases of the JDK. Please add Mockito as an agent to your build what is described in Mockito's documentation: https://javadoc.io/doc/org.mockito/mockito-core/latest/org/mockito/Mockito.html#0.3
WARNING: A Java agent has been loaded dynamically (/home/jsa/.m2/repository/net/bytebuddy/byte-buddy-agent/1.17.6/byte-buddy-agent-1.17.6.jar)
WARNING: If a serviceability tool is in use, please run with -XX:+EnableDynamicAgentLoading to hide this warning
WARNING: If a serviceability tool is not in use, please run with -Djdk.instrument.traceUsage for more information
WARNING: Dynamic loading of agents will be disallowed by default in a future release
]]></system-err>
  </testcase>
</testsuite>