<?xml version="1.0" encoding="UTF-8"?>
<testsuite xmlns:xsi="http://www.w3.org/2001/XMLSchema-instance" xsi:noNamespaceSchemaLocation="https://maven.apache.org/surefire/maven-surefire-plugin/xsd/surefire-test-report.xsd" version="3.0.2" name="com.jobmatrix.JmAuditLogging.consumer.AuditKafkaConsumerTest" time="0.526" tests="3" errors="0" skipped="0" failures="0">
  <properties>
[...]
</properties>
  <testcase name="testConsume_exceptionWhileProcessing_throwsExceptionAndDoesNotAcknowledge" classname="com.jobmatrix.JmAuditLogging.consumer.AuditKafkaConsumerTest" time="0.456">
    <system-out><![CDATA[2025-07-23T22:28:52.982+05:30  INFO 16914 --- [JmAuditLogging] [ntainer#0-0-C-1] org.apache.kafka.clients.NetworkClient   : [Consumer clientId=audit-log-consumer-b293f331-a5bd-4372-8ad3-035822a13c2b-0, groupId=job-audit-topic] Node -1 disconnected.
2025-07-23T22:28:52.982+05:30  WARN 16914 --- [JmAuditLogging] [ntainer#0-0-C-1] org.apache.kafka.clients.NetworkClient   : [Consumer clientId=audit-log-consumer-b293f331-a5bd-4372-8ad3-035822a13c2b-0, groupId=job-audit-topic] Connection to node -1 (localhost/127.0.0.1:9092) could not be established. Node may not be available.
2025-07-23T22:28:52.982+05:30  WARN 16914 --- [JmAuditLogging] [ntainer#0-0-C-1] org.apache.kafka.clients.NetworkClient   : [Consumer clientId=audit-log-consumer-b293f331-a5bd-4372-8ad3-035822a13c2b-0, groupId=job-audit-topic] Bootstrap broker localhost:9092 (id: -1 rack: null) disconnected
2025-07-23T22:28:53.242+05:30  INFO 16914 --- [JmAuditLogging] [ntainer#0-0-C-1] org.apache.kafka.clients.NetworkClient   : [Consumer clientId=audit-log-consumer-b293f331-a5bd-4372-8ad3-035822a13c2b-0, groupId=job-audit-topic] Node -1 disconnected.
2025-07-23T22:28:53.242+05:30  WARN 16914 --- [JmAuditLogging] [ntainer#0-0-C-1] org.apache.kafka.clients.NetworkClient   : [Consumer clientId=audit-log-consumer-b293f331-a5bd-4372-8ad3-035822a13c2b-0, groupId=job-audit-topic] Connection to node -1 (localhost/127.0.0.1:9092) could not be established. Node may not be available.
2025-07-23T22:28:53.243+05:30  WARN 16914 --- [JmAuditLogging] [ntainer#0-0-C-1] org.apache.kafka.clients.NetworkClient   : [Consumer clientId=audit-log-consumer-b293f331-a5bd-4372-8ad3-035822a13c2b-0, groupId=job-audit-topic] Bootstrap broker localhost:9092 (id: -1 rack: null) disconnected
2025-07-23T22:28:53.350+05:30  INFO 16914 --- [JmAuditLogging] [           main] c.j.J.consumer.AuditKafkaConsumer        : 📥 Received Kafka message - Key: key3, Partition: 0, Offset: 789, Message: {
  "serviceName": "job-posting",
  "entityId": 101,
  "userId": "d290f1ee-6c54-4b01-90e6-d701748f0851",
  "oldData": { "title": "Old Title" },
  "newData": { "title": "New Title" }
}

2025-07-23T22:28:53.357+05:30 ERROR 16914 --- [JmAuditLogging] [           main] c.j.J.consumer.AuditKafkaConsumer        : ❌ Error processing message - Key: key3, Partition: 0, Offset: 789: Mapping failed

java.lang.RuntimeException: Mapping failed
	at org.modelmapper.ModelMapper.typeMap(ModelMapper.java:345) ~[modelmapper-3.2.2.jar:na]
	at com.jobmatrix.JmAuditLogging.consumer.AuditKafkaConsumer.handleJobPostingAudit(AuditKafkaConsumer.java:81) ~[classes/:na]
	at com.jobmatrix.JmAuditLogging.consumer.AuditKafkaConsumer.consume(AuditKafkaConsumer.java:66) ~[classes/:na]
	at com.jobmatrix.JmAuditLogging.consumer.AuditKafkaConsumerTest.testConsume_exceptionWhileProcessing_throwsExceptionAndDoesNotAcknowledge(AuditKafkaConsumerTest.java:92) ~[test-classes/:na]
	at java.base/jdk.internal.reflect.DirectMethodHandleAccessor.invoke(DirectMethodHandleAccessor.java:103) ~[na:na]
	at java.base/java.lang.reflect.Method.invoke(Method.java:580) ~[na:na]
	at org.junit.platform.commons.util.ReflectionUtils.invokeMethod(ReflectionUtils.java:775) ~[junit-platform-commons-1.12.2.jar:1.12.2]
	at org.junit.platform.commons.support.ReflectionSupport.invokeMethod(ReflectionSupport.java:479) ~[junit-platform-commons-1.12.2.jar:1.12.2]
	at org.junit.jupiter.engine.execution.MethodInvocation.proceed(MethodInvocation.java:60) ~[junit-jupiter-engine-5.12.2.jar:5.12.2]
	at org.junit.jupiter.engine.execution.InvocationInterceptorChain$ValidatingInvocation.proceed(InvocationInterceptorChain.java:131) ~[junit-jupiter-engine-5.12.2.jar:5.12.2]
	at org.junit.jupiter.engine.extension.TimeoutExtension.intercept(TimeoutExtension.java:161) ~[junit-jupiter-engine-5.12.2.jar:5.12.2]
	at org.junit.jupiter.engine.extension.TimeoutExtension.interceptTestableMethod(TimeoutExtension.java:152) ~[junit-jupiter-engine-5.12.2.jar:5.12.2]
	at org.junit.jupiter.engine.extension.TimeoutExtension.interceptTestMethod(TimeoutExtension.java:91) ~[junit-jupiter-engine-5.12.2.jar:5.12.2]
	at org.junit.jupiter.engine.execution.InterceptingExecutableInvoker$ReflectiveInterceptorCall.lambda$ofVoidMethod$0(InterceptingExecutableInvoker.java:112) ~[junit-jupiter-engine-5.12.2.jar:5.12.2]
	at org.junit.jupiter.engine.execution.InterceptingExecutableInvoker.lambda$invoke$0(InterceptingExecutableInvoker.java:94) ~[junit-jupiter-engine-5.12.2.jar:5.12.2]
	at org.junit.jupiter.engine.execution.InvocationInterceptorChain$InterceptedInvocation.proceed(InvocationInterceptorChain.java:106) ~[junit-jupiter-engine-5.12.2.jar:5.12.2]
	at org.junit.jupiter.engine.execution.InvocationInterceptorChain.proceed(InvocationInterceptorChain.java:64) ~[junit-jupiter-engine-5.12.2.jar:5.12.2]
	at org.junit.jupiter.engine.execution.InvocationInterceptorChain.chainAndInvoke(InvocationInterceptorChain.java:45) ~[junit-jupiter-engine-5.12.2.jar:5.12.2]
	at org.junit.jupiter.engine.execution.InvocationInterceptorChain.invoke(InvocationInterceptorChain.java:37) ~[junit-jupiter-engine-5.12.2.jar:5.12.2]
	at org.junit.jupiter.engine.execution.InterceptingExecutableInvoker.invoke(InterceptingExecutableInvoker.java:93) ~[junit-jupiter-engine-5.12.2.jar:5.12.2]
	at org.junit.jupiter.engine.execution.InterceptingExecutableInvoker.invoke(InterceptingExecutableInvoker.java:87) ~[junit-jupiter-engine-5.12.2.jar:5.12.2]
	at org.junit.jupiter.engine.descriptor.TestMethodTestDescriptor.lambda$invokeTestMethod$7(TestMethodTestDescriptor.java:216) ~[junit-jupiter-engine-5.12.2.jar:5.12.2]
	at org.junit.platform.engine.support.hierarchical.ThrowableCollector.execute(ThrowableCollector.java:73) ~[junit-platform-engine-1.12.2.jar:1.12.2]
	at org.junit.jupiter.engine.descriptor.TestMethodTestDescriptor.invokeTestMethod(TestMethodTestDescriptor.java:212) ~[junit-jupiter-engine-5.12.2.jar:5.12.2]
	at org.junit.jupiter.engine.descriptor.TestMethodTestDescriptor.execute(TestMethodTestDescriptor.java:137) ~[junit-jupiter-engine-5.12.2.jar:5.12.2]
	at org.junit.jupiter.engine.descriptor.TestMethodTestDescriptor.execute(TestMethodTestDescriptor.java:69) ~[junit-jupiter-engine-5.12.2.jar:5.12.2]
	at org.junit.platform.engine.support.hierarchical.NodeTestTask.lambda$executeRecursively$6(NodeTestTask.java:156) ~[junit-platform-engine-1.12.2.jar:1.12.2]
	at org.junit.platform.engine.support.hierarchical.ThrowableCollector.execute(ThrowableCollector.java:73) ~[junit-platform-engine-1.12.2.jar:1.12.2]
	at org.junit.platform.engine.support.hierarchical.NodeTestTask.lambda$executeRecursively$8(NodeTestTask.java:146) ~[junit-platform-engine-1.12.2.jar:1.12.2]
	at org.junit.platform.engine.support.hierarchical.Node.around(Node.java:137) ~[junit-platform-engine-1.12.2.jar:1.12.2]
	at org.junit.platform.engine.support.hierarchical.NodeTestTask.lambda$executeRecursively$9(NodeTestTask.java:144) ~[junit-platform-engine-1.12.2.jar:1.12.2]
	at org.junit.platform.engine.support.hierarchical.ThrowableCollector.execute(ThrowableCollector.java:73) ~[junit-platform-engine-1.12.2.jar:1.12.2]
	at org.junit.platform.engine.support.hierarchical.NodeTestTask.executeRecursively(NodeTestTask.java:143) ~[junit-platform-engine-1.12.2.jar:1.12.2]
	at org.junit.platform.engine.support.hierarchical.NodeTestTask.execute(NodeTestTask.java:100) ~[junit-platform-engine-1.12.2.jar:1.12.2]
	at java.base/java.util.ArrayList.forEach(ArrayList.java:1596) ~[na:na]
	at org.junit.platform.engine.support.hierarchical.SameThreadHierarchicalTestExecutorService.invokeAll(SameThreadHierarchicalTestExecutorService.java:41) ~[junit-platform-engine-1.12.2.jar:1.12.2]
	at org.junit.platform.engine.support.hierarchical.NodeTestTask.lambda$executeRecursively$6(NodeTestTask.java:160) ~[junit-platform-engine-1.12.2.jar:1.12.2]
	at org.junit.platform.engine.support.hierarchical.ThrowableCollector.execute(ThrowableCollector.java:73) ~[junit-platform-engine-1.12.2.jar:1.12.2]
	at org.junit.platform.engine.support.hierarchical.NodeTestTask.lambda$executeRecursively$8(NodeTestTask.java:146) ~[junit-platform-engine-1.12.2.jar:1.12.2]
	at org.junit.platform.engine.support.hierarchical.Node.around(Node.java:137) ~[junit-platform-engine-1.12.2.jar:1.12.2]
	at org.junit.platform.engine.support.hierarchical.NodeTestTask.lambda$executeRecursively$9(NodeTestTask.java:144) ~[junit-platform-engine-1.12.2.jar:1.12.2]
	at org.junit.platform.engine.support.hierarchical.ThrowableCollector.execute(ThrowableCollector.java:73) ~[junit-platform-engine-1.12.2.jar:1.12.2]
	at org.junit.platform.engine.support.hierarchical.NodeTestTask.executeRecursively(NodeTestTask.java:143) ~[junit-platform-engine-1.12.2.jar:1.12.2]
	at org.junit.platform.engine.support.hierarchical.NodeTestTask.execute(NodeTestTask.java:100) ~[junit-platform-engine-1.12.2.jar:1.12.2]
	at java.base/java.util.ArrayList.forEach(ArrayList.java:1596) ~[na:na]
	at org.junit.platform.engine.support.hierarchical.SameThreadHierarchicalTestExecutorService.invokeAll(SameThreadHierarchicalTestExecutorService.java:41) ~[junit-platform-engine-1.12.2.jar:1.12.2]
	at org.junit.platform.engine.support.hierarchical.NodeTestTask.lambda$executeRecursively$6(NodeTestTask.java:160) ~[junit-platform-engine-1.12.2.jar:1.12.2]
	at org.junit.platform.engine.support.hierarchical.ThrowableCollector.execute(ThrowableCollector.java:73) ~[junit-platform-engine-1.12.2.jar:1.12.2]
	at org.junit.platform.engine.support.hierarchical.NodeTestTask.lambda$executeRecursively$8(NodeTestTask.java:146) ~[junit-platform-engine-1.12.2.jar:1.12.2]
	at org.junit.platform.engine.support.hierarchical.Node.around(Node.java:137) ~[junit-platform-engine-1.12.2.jar:1.12.2]
	at org.junit.platform.engine.support.hierarchical.NodeTestTask.lambda$executeRecursively$9(NodeTestTask.java:144) ~[junit-platform-engine-1.12.2.jar:1.12.2]
	at org.junit.platform.engine.support.hierarchical.ThrowableCollector.execute(ThrowableCollector.java:73) ~[junit-platform-engine-1.12.2.jar:1.12.2]
	at org.junit.platform.engine.support.hierarchical.NodeTestTask.executeRecursively(NodeTestTask.java:143) ~[junit-platform-engine-1.12.2.jar:1.12.2]
	at org.junit.platform.engine.support.hierarchical.NodeTestTask.execute(NodeTestTask.java:100) ~[junit-platform-engine-1.12.2.jar:1.12.2]
	at org.junit.platform.engine.support.hierarchical.SameThreadHierarchicalTestExecutorService.submit(SameThreadHierarchicalTestExecutorService.java:35) ~[junit-platform-engine-1.12.2.jar:1.12.2]
	at org.junit.platform.engine.support.hierarchical.HierarchicalTestExecutor.execute(HierarchicalTestExecutor.java:57) ~[junit-platform-engine-1.12.2.jar:1.12.2]
	at org.junit.platform.engine.support.hierarchical.HierarchicalTestEngine.execute(HierarchicalTestEngine.java:54) ~[junit-platform-engine-1.12.2.jar:1.12.2]
	at org.junit.platform.launcher.core.EngineExecutionOrchestrator.execute(EngineExecutionOrchestrator.java:201) ~[junit-platform-launcher-1.12.2.jar:1.12.2]
	at org.junit.platform.launcher.core.EngineExecutionOrchestrator.execute(EngineExecutionOrchestrator.java:170) ~[junit-platform-launcher-1.12.2.jar:1.12.2]
	at org.junit.platform.launcher.core.EngineExecutionOrchestrator.execute(EngineExecutionOrchestrator.java:94) ~[junit-platform-launcher-1.12.2.jar:1.12.2]
	at org.junit.platform.launcher.core.EngineExecutionOrchestrator.lambda$execute$0(EngineExecutionOrchestrator.java:59) ~[junit-platform-launcher-1.12.2.jar:1.12.2]
	at org.junit.platform.launcher.core.EngineExecutionOrchestrator.withInterceptedStreams(EngineExecutionOrchestrator.java:142) ~[junit-platform-launcher-1.12.2.jar:1.12.2]
	at org.junit.platform.launcher.core.EngineExecutionOrchestrator.execute(EngineExecutionOrchestrator.java:58) ~[junit-platform-launcher-1.12.2.jar:1.12.2]
	at org.junit.platform.launcher.core.DefaultLauncher.execute(DefaultLauncher.java:103) ~[junit-platform-launcher-1.12.2.jar:1.12.2]
	at org.junit.platform.launcher.core.DefaultLauncher.execute(DefaultLauncher.java:85) ~[junit-platform-launcher-1.12.2.jar:1.12.2]
	at org.junit.platform.launcher.core.DelegatingLauncher.execute(DelegatingLauncher.java:47) ~[junit-platform-launcher-1.12.2.jar:1.12.2]
	at org.junit.platform.launcher.core.InterceptingLauncher.lambda$execute$1(InterceptingLauncher.java:39) ~[junit-platform-launcher-1.12.2.jar:1.12.2]
	at org.junit.platform.launcher.core.ClasspathAlignmentCheckingLauncherInterceptor.intercept(ClasspathAlignmentCheckingLauncherInterceptor.java:25) ~[junit-platform-launcher-1.12.2.jar:1.12.2]
	at org.junit.platform.launcher.core.InterceptingLauncher.execute(InterceptingLauncher.java:38) ~[junit-platform-launcher-1.12.2.jar:1.12.2]
	at org.junit.platform.launcher.core.DelegatingLauncher.execute(DelegatingLauncher.java:47) ~[junit-platform-launcher-1.12.2.jar:1.12.2]
	at org.apache.maven.surefire.junitplatform.LazyLauncher.execute(LazyLauncher.java:56) ~[surefire-junit-platform-3.5.3.jar:3.5.3]
	at org.apache.maven.surefire.junitplatform.JUnitPlatformProvider.execute(JUnitPlatformProvider.java:194) ~[surefire-junit-platform-3.5.3.jar:3.5.3]
	at org.apache.maven.surefire.junitplatform.JUnitPlatformProvider.invokeAllTests(JUnitPlatformProvider.java:150) ~[surefire-junit-platform-3.5.3.jar:3.5.3]
	at org.apache.maven.surefire.junitplatform.JUnitPlatformProvider.invoke(JUnitPlatformProvider.java:124) ~[surefire-junit-platform-3.5.3.jar:3.5.3]
	at org.apache.maven.surefire.booter.ForkedBooter.runSuitesInProcess(ForkedBooter.java:385) ~[surefire-booter-3.5.3.jar:3.5.3]
	at org.apache.maven.surefire.booter.ForkedBooter.execute(ForkedBooter.java:162) ~[surefire-booter-3.5.3.jar:3.5.3]
	at org.apache.maven.surefire.booter.ForkedBooter.run(ForkedBooter.java:507) ~[surefire-booter-3.5.3.jar:3.5.3]
	at org.apache.maven.surefire.booter.ForkedBooter.main(ForkedBooter.java:495) ~[surefire-booter-3.5.3.jar:3.5.3]

]]></system-out>
  </testcase>
  <testcase name="testConsume_unrecognizedServiceName_acknowledgesButDoesNotSave" classname="com.jobmatrix.JmAuditLogging.consumer.AuditKafkaConsumerTest" time="0.005">
    <system-out><![CDATA[2025-07-23T22:28:53.371+05:30  INFO 16914 --- [JmAuditLogging] [           main] c.j.J.consumer.AuditKafkaConsumer        : 📥 Received Kafka message - Key: key2, Partition: 1, Offset: 456, Message: {
  "serviceName": "unknown-service",
  "entityId": 102,
  "userId": "d290f1ee-6c54-4b01-90e6-d701748f0851",
  "oldData": { "field": "old" },
  "newData": { "field": "new" }
}

2025-07-23T22:28:53.372+05:30  WARN 16914 --- [JmAuditLogging] [           main] c.j.J.consumer.AuditKafkaConsumer        : 🚫 Unrecognized service name in audit log: unknown-service
]]></system-out>
  </testcase>
  <testcase name="testConsume_validJobPostingAudit_savesToDatabaseAndAcknowledges" classname="com.jobmatrix.JmAuditLogging.consumer.AuditKafkaConsumerTest" time="0.062">
    <system-out><![CDATA[2025-07-23T22:28:53.433+05:30  INFO 16914 --- [JmAuditLogging] [           main] c.j.J.consumer.AuditKafkaConsumer        : 📥 Received Kafka message - Key: key1, Partition: 0, Offset: 123, Message: {
  "serviceName": "job-posting",
  "entityId": 101,
  "userId": "d290f1ee-6c54-4b01-90e6-d701748f0851",
  "oldData": { "title": "Old Title" },
  "newData": { "title": "New Title" }
}

2025-07-23T22:28:53.434+05:30  INFO 16914 --- [JmAuditLogging] [           main] c.j.J.consumer.AuditKafkaConsumer        : ✅ Audit log saved for job posting ID: 101
2025-07-23T22:28:53.435+05:30  INFO 16914 --- [JmAuditLogging] [           main] c.j.J.consumer.AuditKafkaConsumer        : ✅ Acknowledged message - Key: key1, Partition: 0, Offset: 123
]]></system-out>
  </testcase>
</testsuite>